Error: illegal use of 'func' (line 5 column 1 file:myMainScreen.fnc)
Error: semicolon expected after array declarations, got var (line 6 column 5 file:myMainScreen.fnc)
Error: undefined variable 'bcl' (line 6 column 9 file:myMainScreen.fnc)
Error: undefined variable 'bcl' (line 8 column 16 file:myMainScreen.fnc)
Error: LVAL must be a defined global variable or array for this assignment (line 10 column 9 file:myMainScreen.fnc)
Error: only a simple assignment using ':=' is allowed for globals (line 10 column 9 file:myMainScreen.fnc)
Error: bad 'void ' initializer for variable assignment (line 10 column 9 file:myMainScreen.fnc)
Error: missing semi-colon, got LINE END \n (line 11 file:myMainScreen.fnc)
Error: only a simple assignment using ':=' is allowed for globals (line 12 column 12 file:myMainScreen.fnc)
Error: missing semi-colon, got ) ) (line 12 file:myMainScreen.fnc)
Error: LVAL must be a defined global variable or array for this assignment (line 13 column 13 file:myMainScreen.fnc)
Error: only a simple assignment using ':=' is allowed for globals (line 13 column 13 file:myMainScreen.fnc)
Error: bad 'void ' initializer for variable assignment (line 13 column 13 file:myMainScreen.fnc)
Error: missing semi-colon, got else else (line 14 file:myMainScreen.fnc)
Error: LVAL must be a defined global variable or array for this assignment (line 15 column 13 file:myMainScreen.fnc)
Error: only a simple assignment using ':=' is allowed for globals (line 15 column 13 file:myMainScreen.fnc)
Error: bad 'void ' initializer for variable assignment (line 15 column 13 file:myMainScreen.fnc)
Error: missing semi-colon, got identifier drawHygro (line 16 column 13 file:myMainScreen.fnc)
Error: 'endfunc' found with no matching 'func' (line 20 file:myMainScreen.fnc)
Fatal error:  errors in first pass(1), can't continue (line 303 file:NoName2.4dg)
